2017-11-16 11:41:27.067 SqlCipherMacRepro[20740:326817] Unknown Window class (null) in Interface Builder file,
	 creating generic Window instead
2017-11-16 11:41:38.936 SqlCipherMacRepro[20740:326817] 
Unhandled Exception:
System.DllNotFoundException: sqlcipher
  at (wrapper managed-to-native) SQLitePCL.SQLite3Provider_sqlcipher+NativeMethods:sqlite3_libversion_number ()
  at SQLitePCL.SQLite3Provider_sqlcipher.SQLitePCL.ISQLite3Provider.sqlite3_libversion_number () [0x00000] in <59be640c65774d30997e57adec31f1f3>:0 
  at SQLitePCL.raw.SetProvider (SQLitePCL.ISQLite3Provider imp) [0x00008] in <88b0c5d3816f4ce6bfa37094839c5bb0>:0 
  at SQLitePCL.Batteries_V2.Init () [0x00005] in <c56a744135864ce886cd3e532be600ef>:0 
  at SqlCipherMacRepro.AppDelegate.DidFinishLaunching (Foundation.NSNotification notification) [0x00001] in /Users/wpeter/Source/Repos/SqlCipherMacRepro/SqlCipherMacRepro/AppDelegate.cs:15 
  at (wrapper managed-to-native) AppKit.NSApplication:NSApplicationMain (int,string[])
  at AppKit.NSApplication.Main (System.String[] args) [0x00041] in /Users/builder/data/lanes/5143/124197ee/source/xamarin-macios/src/AppKit/NSApplication.cs:100 
  at SqlCipherMacRepro.MainClass.Main (System.String[] args) [0x00007] in /Users/wpeter/Source/Repos/SqlCipherMacRepro/SqlCipherMacRepro/Main.cs:10 
[ERROR] FATAL UNHANDLED EXCEPTION: System.DllNotFoundException: sqlcipher
  at (wrapper managed-to-native) SQLitePCL.SQLite3Provider_sqlcipher+NativeMethods:sqlite3_libversion_number ()
  at SQLitePCL.SQLite3Provider_sqlcipher.SQLitePCL.ISQLite3Provider.sqlite3_libversion_number () [0x00000] in <59be640c65774d30997e57adec31f1f3>:0 
  at SQLitePCL.raw.SetProvider (SQLitePCL.ISQLite3Provider imp) [0x00008] in <88b0c5d3816f4ce6bfa37094839c5bb0>:0 
  at SQLitePCL.Batteries_V2.Init () [0x00005] in <c56a744135864ce886cd3e532be600ef>:0 
  at SqlCipherMacRepro.AppDelegate.DidFinishLaunching (Foundation.NSNotification notification) [0x00001] in /Users/wpeter/Source/Repos/SqlCipherMacRepro/SqlCipherMacRepro/AppDelegate.cs:15 
  at (wrapper managed-to-native) AppKit.NSApplication:NSApplicationMain (int,string[])
  at AppKit.NSApplication.Main (System.String[] args) [0x00041] in /Users/builder/data/lanes/5143/124197ee/source/xamarin-macios/src/AppKit/NSApplication.cs:100 
  at SqlCipherMacRepro.MainClass.Main (System.String[] args) [0x00007] in /Users/wpeter/Source/Repos/SqlCipherMacRepro/SqlCipherMacRepro/Main.cs:10 
